{"/Users/SuperIRis/Documents/Proyectos/mokuroku/www/mokuroku-backend/src/auth/index.js": {"path":"/Users/SuperIRis/Documents/Proyectos/mokuroku/www/mokuroku-backend/src/auth/index.js","statementMap":{"0":{"start":{"line":1,"column":14},"end":{"line":1,"column":39}},"1":{"start":{"line":2,"column":29},"end":{"line":2,"column":86}},"2":{"start":{"line":3,"column":34},"end":{"line":3,"column":93}},"3":{"start":{"line":8,"column":4},"end":{"line":8,"column":45}},"4":{"start":{"line":12,"column":4},"end":{"line":12,"column":45}},"5":{"start":{"line":16,"column":4},"end":{"line":16,"column":25}},"6":{"start":{"line":17,"column":22},"end":{"line":17,"column":49}},"7":{"start":{"line":19,"column":22},"end":{"line":19,"column":61}},"8":{"start":{"line":20,"column":15},"end":{"line":20,"column":17}},"9":{"start":{"line":21,"column":4},"end":{"line":64,"column":5}},"10":{"start":{"line":22,"column":6},"end":{"line":22,"column":43}},"11":{"start":{"line":23,"column":11},"end":{"line":64,"column":5}},"12":{"start":{"line":24,"column":6},"end":{"line":63,"column":7}},"13":{"start":{"line":26,"column":23},"end":{"line":43,"column":9}},"14":{"start":{"line":30,"column":30},"end":{"line":30,"column":53}},"15":{"start":{"line":31,"column":28},"end":{"line":31,"column":79}},"16":{"start":{"line":32,"column":12},"end":{"line":35,"column":13}},"17":{"start":{"line":34,"column":14},"end":{"line":34,"column":37}},"18":{"start":{"line":36,"column":12},"end":{"line":36,"column":60}},"19":{"start":{"line":37,"column":12},"end":{"line":37,"column":50}},"20":{"start":{"line":40,"column":12},"end":{"line":40,"column":56}},"21":{"start":{"line":62,"column":8},"end":{"line":62,"column":46}},"22":{"start":{"line":66,"column":4},"end":{"line":66,"column":16}},"23":{"start":{"line":70,"column":22},"end":{"line":70,"column":45}},"24":{"start":{"line":71,"column":4},"end":{"line":73,"column":48}},"25":{"start":{"line":78,"column":4},"end":{"line":85,"column":9}},"26":{"start":{"line":83,"column":8},"end":{"line":83,"column":52}},"27":{"start":{"line":84,"column":8},"end":{"line":84,"column":55}},"28":{"start":{"line":89,"column":2},"end":{"line":93,"column":3}},"29":{"start":{"line":90,"column":4},"end":{"line":90,"column":44}},"30":{"start":{"line":92,"column":4},"end":{"line":92,"column":65}},"31":{"start":{"line":94,"column":2},"end":{"line":94,"column":36}},"32":{"start":{"line":98,"column":0},"end":{"line":98,"column":45}},"33":{"start":{"line":100,"column":0},"end":{"line":100,"column":43}},"34":{"start":{"line":102,"column":0},"end":{"line":102,"column":39}},"35":{"start":{"line":104,"column":0},"end":{"line":104,"column":41}}},"fnMap":{"0":{"name":"decodeBearer","decl":{"start":{"line":7,"column":9},"end":{"line":7,"column":21}},"loc":{"start":{"line":7,"column":30},"end":{"line":9,"column":1}},"line":7},"1":{"name":"validateToken","decl":{"start":{"line":11,"column":9},"end":{"line":11,"column":22}},"loc":{"start":{"line":11,"column":29},"end":{"line":13,"column":1}},"line":11},"2":{"name":"getContext","decl":{"start":{"line":15,"column":15},"end":{"line":15,"column":25}},"loc":{"start":{"line":15,"column":41},"end":{"line":67,"column":1}},"line":15},"3":{"name":"(anonymous_3)","decl":{"start":{"line":28,"column":10},"end":{"line":28,"column":11}},"loc":{"start":{"line":28,"column":35},"end":{"line":38,"column":11}},"line":28},"4":{"name":"(anonymous_4)","decl":{"start":{"line":39,"column":10},"end":{"line":39,"column":11}},"loc":{"start":{"line":39,"column":21},"end":{"line":42,"column":11}},"line":39},"5":{"name":"setUserCookie","decl":{"start":{"line":69,"column":9},"end":{"line":69,"column":22}},"loc":{"start":{"line":69,"column":32},"end":{"line":75,"column":1}},"line":69},"6":{"name":"verifyCookie","decl":{"start":{"line":77,"column":9},"end":{"line":77,"column":21}},"loc":{"start":{"line":77,"column":43},"end":{"line":86,"column":1}},"line":77},"7":{"name":"(anonymous_7)","decl":{"start":{"line":81,"column":13},"end":{"line":81,"column":14}},"loc":{"start":{"line":81,"column":24},"end":{"line":85,"column":7}},"line":81},"8":{"name":"clearCookie","decl":{"start":{"line":88,"column":9},"end":{"line":88,"column":20}},"loc":{"start":{"line":88,"column":22},"end":{"line":95,"column":1}},"line":88}},"branchMap":{"0":{"loc":{"start":{"line":8,"column":11},"end":{"line":8,"column":44}},"type":"cond-expr","locations":[{"start":{"line":8,"column":20},"end":{"line":8,"column":40}},{"start":{"line":8,"column":42},"end":{"line":8,"column":44}}],"line":8},"1":{"loc":{"start":{"line":17,"column":22},"end":{"line":17,"column":49}},"type":"binary-expr","locations":[{"start":{"line":17,"column":22},"end":{"line":17,"column":43}},{"start":{"line":17,"column":47},"end":{"line":17,"column":49}}],"line":17},"2":{"loc":{"start":{"line":21,"column":4},"end":{"line":64,"column":5}},"type":"if","locations":[{"start":{"line":21,"column":4},"end":{"line":64,"column":5}},{"start":{"line":21,"column":4},"end":{"line":64,"column":5}}],"line":21},"3":{"loc":{"start":{"line":23,"column":11},"end":{"line":64,"column":5}},"type":"if","locations":[{"start":{"line":23,"column":11},"end":{"line":64,"column":5}},{"start":{"line":23,"column":11},"end":{"line":64,"column":5}}],"line":23},"4":{"loc":{"start":{"line":32,"column":12},"end":{"line":35,"column":13}},"type":"if","locations":[{"start":{"line":32,"column":12},"end":{"line":35,"column":13}},{"start":{"line":32,"column":12},"end":{"line":35,"column":13}}],"line":32}},"s":{"0":2,"1":2,"2":2,"3":3,"4":2,"5":3,"6":3,"7":3,"8":3,"9":3,"10":1,"11":2,"12":2,"13":2,"14":2,"15":2,"16":2,"17":0,"18":2,"19":2,"20":0,"21":0,"22":3,"23":2,"24":2,"25":2,"26":0,"27":0,"28":1,"29":1,"30":0,"31":1,"32":2,"33":2,"34":2,"35":2},"f":{"0":3,"1":2,"2":3,"3":2,"4":0,"5":2,"6":2,"7":0,"8":1},"b":{"0":[3,0],"1":[3,2],"2":[1,2],"3":[2,0],"4":[0,2]},"_coverageSchema":"1a1c01bbd47fc00a2c39e90264f33305004495a9","hash":"f6a7fcb6e991f9282f53d8aa0e93db04958a4cc7"}
,"/Users/SuperIRis/Documents/Proyectos/mokuroku/www/mokuroku-backend/src/users/mutations.js": {"path":"/Users/SuperIRis/Documents/Proyectos/mokuroku/www/mokuroku-backend/src/users/mutations.js","statementMap":{"0":{"start":{"line":1,"column":41},"end":{"line":1,"column":73}},"1":{"start":{"line":2,"column":29},"end":{"line":2,"column":86}},"2":{"start":{"line":3,"column":14},"end":{"line":3,"column":39}},"3":{"start":{"line":4,"column":24},"end":{"line":4,"column":42}},"4":{"start":{"line":5,"column":56},"end":{"line":5,"column":87}},"5":{"start":{"line":6,"column":15},"end":{"line":6,"column":32}},"6":{"start":{"line":8,"column":16},"end":{"line":45,"column":1}},"7":{"start":{"line":9,"column":70},"end":{"line":9,"column":74}},"8":{"start":{"line":10,"column":18},"end":{"line":10,"column":25}},"9":{"start":{"line":11,"column":21},"end":{"line":11,"column":54}},"10":{"start":{"line":12,"column":2},"end":{"line":14,"column":3}},"11":{"start":{"line":13,"column":4},"end":{"line":13,"column":69}},"12":{"start":{"line":16,"column":2},"end":{"line":44,"column":3}},"13":{"start":{"line":18,"column":29},"end":{"line":18,"column":106}},"14":{"start":{"line":19,"column":4},"end":{"line":21,"column":5}},"15":{"start":{"line":20,"column":6},"end":{"line":20,"column":71}},"16":{"start":{"line":23,"column":32},"end":{"line":23,"column":115}},"17":{"start":{"line":24,"column":4},"end":{"line":26,"column":5}},"18":{"start":{"line":25,"column":6},"end":{"line":25,"column":74}},"19":{"start":{"line":28,"column":25},"end":{"line":28,"column":47}},"20":{"start":{"line":29,"column":4},"end":{"line":38,"column":7}},"21":{"start":{"line":39,"column":20},"end":{"line":39,"column":69}},"22":{"start":{"line":40,"column":17},"end":{"line":40,"column":31}},"23":{"start":{"line":41,"column":4},"end":{"line":41,"column":70}},"24":{"start":{"line":43,"column":4},"end":{"line":43,"column":33}},"25":{"start":{"line":47,"column":19},"end":{"line":55,"column":1}},"26":{"start":{"line":48,"column":17},"end":{"line":48,"column":21}},"27":{"start":{"line":49,"column":2},"end":{"line":54,"column":3}},"28":{"start":{"line":50,"column":20},"end":{"line":50,"column":71}},"29":{"start":{"line":51,"column":4},"end":{"line":51,"column":93}},"30":{"start":{"line":53,"column":4},"end":{"line":53,"column":33}},"31":{"start":{"line":57,"column":19},"end":{"line":59,"column":1}},"32":{"start":{"line":58,"column":4},"end":{"line":58,"column":25}},"33":{"start":{"line":61,"column":0},"end":{"line":61,"column":33}},"34":{"start":{"line":62,"column":0},"end":{"line":62,"column":39}},"35":{"start":{"line":63,"column":0},"end":{"line":63,"column":39}}},"fnMap":{"0":{"name":"(anonymous_0)","decl":{"start":{"line":8,"column":16},"end":{"line":8,"column":17}},"loc":{"start":{"line":8,"column":44},"end":{"line":45,"column":1}},"line":8},"1":{"name":"(anonymous_1)","decl":{"start":{"line":47,"column":19},"end":{"line":47,"column":20}},"loc":{"start":{"line":47,"column":47},"end":{"line":55,"column":1}},"line":47},"2":{"name":"(anonymous_2)","decl":{"start":{"line":57,"column":19},"end":{"line":57,"column":20}},"loc":{"start":{"line":57,"column":47},"end":{"line":59,"column":1}},"line":57}},"branchMap":{"0":{"loc":{"start":{"line":12,"column":2},"end":{"line":14,"column":3}},"type":"if","locations":[{"start":{"line":12,"column":2},"end":{"line":14,"column":3}},{"start":{"line":12,"column":2},"end":{"line":14,"column":3}}],"line":12},"1":{"loc":{"start":{"line":12,"column":5},"end":{"line":12,"column":84}},"type":"binary-expr","locations":[{"start":{"line":12,"column":5},"end":{"line":12,"column":26}},{"start":{"line":12,"column":30},"end":{"line":12,"column":53}},{"start":{"line":12,"column":57},"end":{"line":12,"column":84}}],"line":12},"2":{"loc":{"start":{"line":19,"column":4},"end":{"line":21,"column":5}},"type":"if","locations":[{"start":{"line":19,"column":4},"end":{"line":21,"column":5}},{"start":{"line":19,"column":4},"end":{"line":21,"column":5}}],"line":19},"3":{"loc":{"start":{"line":24,"column":4},"end":{"line":26,"column":5}},"type":"if","locations":[{"start":{"line":24,"column":4},"end":{"line":26,"column":5}},{"start":{"line":24,"column":4},"end":{"line":26,"column":5}}],"line":24},"4":{"loc":{"start":{"line":41,"column":11},"end":{"line":41,"column":69}},"type":"binary-expr","locations":[{"start":{"line":41,"column":11},"end":{"line":41,"column":15}},{"start":{"line":41,"column":19},"end":{"line":41,"column":69}}],"line":41},"5":{"loc":{"start":{"line":51,"column":11},"end":{"line":51,"column":92}},"type":"cond-expr","locations":[{"start":{"line":51,"column":21},"end":{"line":51,"column":39}},{"start":{"line":51,"column":42},"end":{"line":51,"column":92}}],"line":51}},"s":{"0":1,"1":1,"2":1,"3":1,"4":1,"5":1,"6":1,"7":6,"8":6,"9":6,"10":6,"11":3,"12":3,"13":3,"14":3,"15":1,"16":2,"17":2,"18":1,"19":1,"20":1,"21":1,"22":1,"23":1,"24":2,"25":1,"26":1,"27":1,"28":1,"29":1,"30":0,"31":1,"32":1,"33":1,"34":1,"35":1},"f":{"0":6,"1":1,"2":1},"b":{"0":[3,3],"1":[6,5,4],"2":[1,2],"3":[1,1],"4":[1,0],"5":[1,0]},"_coverageSchema":"1a1c01bbd47fc00a2c39e90264f33305004495a9","hash":"1438f5fadf5669c257641e8b584e6da18ec35f7e"}
,"/Users/SuperIRis/Documents/Proyectos/mokuroku/www/mokuroku-backend/src/users/queries.js": {"path":"/Users/SuperIRis/Documents/Proyectos/mokuroku/www/mokuroku-backend/src/users/queries.js","statementMap":{"0":{"start":{"line":1,"column":41},"end":{"line":1,"column":73}},"1":{"start":{"line":2,"column":29},"end":{"line":2,"column":86}},"2":{"start":{"line":3,"column":14},"end":{"line":3,"column":39}},"3":{"start":{"line":4,"column":25},"end":{"line":4,"column":43}},"4":{"start":{"line":6,"column":14},"end":{"line":12,"column":1}},"5":{"start":{"line":7,"column":16},"end":{"line":7,"column":65}},"6":{"start":{"line":8,"column":20},"end":{"line":10,"column":4}},"7":{"start":{"line":9,"column":4},"end":{"line":9,"column":43}},"8":{"start":{"line":11,"column":2},"end":{"line":11,"column":19}},"9":{"start":{"line":14,"column":13},"end":{"line":23,"column":1}},"10":{"start":{"line":15,"column":2},"end":{"line":22,"column":3}},"11":{"start":{"line":16,"column":20},"end":{"line":16,"column":68}},"12":{"start":{"line":17,"column":17},"end":{"line":17,"column":31}},"13":{"start":{"line":18,"column":4},"end":{"line":18,"column":70}},"14":{"start":{"line":20,"column":4},"end":{"line":20,"column":50}},"15":{"start":{"line":21,"column":4},"end":{"line":21,"column":33}},"16":{"start":{"line":25,"column":20},"end":{"line":36,"column":1}},"17":{"start":{"line":26,"column":2},"end":{"line":35,"column":3}},"18":{"start":{"line":27,"column":21},"end":{"line":27,"column":48}},"19":{"start":{"line":29,"column":20},"end":{"line":29,"column":82}},"20":{"start":{"line":30,"column":17},"end":{"line":30,"column":31}},"21":{"start":{"line":31,"column":4},"end":{"line":31,"column":70}},"22":{"start":{"line":33,"column":4},"end":{"line":33,"column":47}},"23":{"start":{"line":34,"column":4},"end":{"line":34,"column":33}},"24":{"start":{"line":38,"column":0},"end":{"line":38,"column":29}},"25":{"start":{"line":39,"column":0},"end":{"line":39,"column":27}},"26":{"start":{"line":40,"column":0},"end":{"line":40,"column":41}}},"fnMap":{"0":{"name":"(anonymous_0)","decl":{"start":{"line":6,"column":14},"end":{"line":6,"column":15}},"loc":{"start":{"line":6,"column":24},"end":{"line":12,"column":1}},"line":6},"1":{"name":"(anonymous_1)","decl":{"start":{"line":8,"column":35},"end":{"line":8,"column":36}},"loc":{"start":{"line":8,"column":45},"end":{"line":10,"column":3}},"line":8},"2":{"name":"(anonymous_2)","decl":{"start":{"line":14,"column":13},"end":{"line":14,"column":14}},"loc":{"start":{"line":14,"column":34},"end":{"line":23,"column":1}},"line":14},"3":{"name":"(anonymous_3)","decl":{"start":{"line":25,"column":20},"end":{"line":25,"column":21}},"loc":{"start":{"line":25,"column":51},"end":{"line":36,"column":1}},"line":25}},"branchMap":{"0":{"loc":{"start":{"line":18,"column":11},"end":{"line":18,"column":69}},"type":"binary-expr","locations":[{"start":{"line":18,"column":11},"end":{"line":18,"column":15}},{"start":{"line":18,"column":19},"end":{"line":18,"column":69}}],"line":18},"1":{"loc":{"start":{"line":31,"column":11},"end":{"line":31,"column":69}},"type":"binary-expr","locations":[{"start":{"line":31,"column":11},"end":{"line":31,"column":15}},{"start":{"line":31,"column":19},"end":{"line":31,"column":69}}],"line":31}},"s":{"0":1,"1":1,"2":1,"3":1,"4":1,"5":1,"6":1,"7":2,"8":1,"9":1,"10":1,"11":1,"12":1,"13":1,"14":0,"15":0,"16":1,"17":1,"18":1,"19":1,"20":1,"21":1,"22":0,"23":0,"24":1,"25":1,"26":1},"f":{"0":1,"1":2,"2":1,"3":1},"b":{"0":[1,0],"1":[1,0]},"_coverageSchema":"1a1c01bbd47fc00a2c39e90264f33305004495a9","hash":"e741f55f9cbe2ca779fdfe57126353f1abb03893"}
,"/Users/SuperIRis/Documents/Proyectos/mokuroku/www/mokuroku-backend/src/utils/validations.js": {"path":"/Users/SuperIRis/Documents/Proyectos/mokuroku/www/mokuroku-backend/src/utils/validations.js","statementMap":{"0":{"start":{"line":1,"column":22},"end":{"line":4,"column":1}},"1":{"start":{"line":2,"column":15},"end":{"line":2,"column":166}},"2":{"start":{"line":3,"column":4},"end":{"line":3,"column":48}},"3":{"start":{"line":6,"column":21},"end":{"line":8,"column":1}},"4":{"start":{"line":7,"column":4},"end":{"line":7,"column":47}},"5":{"start":{"line":10,"column":25},"end":{"line":13,"column":1}},"6":{"start":{"line":11,"column":15},"end":{"line":11,"column":57}},"7":{"start":{"line":12,"column":4},"end":{"line":12,"column":51}},"8":{"start":{"line":15,"column":0},"end":{"line":15,"column":45}},"9":{"start":{"line":16,"column":0},"end":{"line":16,"column":43}},"10":{"start":{"line":17,"column":0},"end":{"line":17,"column":51}}},"fnMap":{"0":{"name":"(anonymous_0)","decl":{"start":{"line":1,"column":22},"end":{"line":1,"column":23}},"loc":{"start":{"line":1,"column":31},"end":{"line":4,"column":1}},"line":1},"1":{"name":"(anonymous_1)","decl":{"start":{"line":6,"column":21},"end":{"line":6,"column":22}},"loc":{"start":{"line":6,"column":29},"end":{"line":8,"column":1}},"line":6},"2":{"name":"(anonymous_2)","decl":{"start":{"line":10,"column":25},"end":{"line":10,"column":26}},"loc":{"start":{"line":10,"column":39},"end":{"line":13,"column":1}},"line":10}},"branchMap":{"0":{"loc":{"start":{"line":7,"column":11},"end":{"line":7,"column":46}},"type":"binary-expr","locations":[{"start":{"line":7,"column":11},"end":{"line":7,"column":26}},{"start":{"line":7,"column":30},"end":{"line":7,"column":46}}],"line":7}},"s":{"0":1,"1":6,"2":6,"3":1,"4":5,"5":1,"6":4,"7":4,"8":1,"9":1,"10":1},"f":{"0":6,"1":5,"2":4},"b":{"0":[5,4]},"_coverageSchema":"1a1c01bbd47fc00a2c39e90264f33305004495a9","hash":"54630f599333bee507568b448a5b7343439ccc1f"}
,"/Users/SuperIRis/Documents/Proyectos/mokuroku/www/mokuroku-backend/tests-setup/firebase-mocks.js": {"path":"/Users/SuperIRis/Documents/Proyectos/mokuroku/www/mokuroku-backend/tests-setup/firebase-mocks.js","statementMap":{"0":{"start":{"line":2,"column":18},"end":{"line":7,"column":1}},"1":{"start":{"line":5,"column":4},"end":{"line":5,"column":84}},"2":{"start":{"line":8,"column":18},"end":{"line":13,"column":1}},"3":{"start":{"line":11,"column":4},"end":{"line":11,"column":81}},"4":{"start":{"line":14,"column":31},"end":{"line":14,"column":53}},"5":{"start":{"line":16,"column":13},"end":{"line":25,"column":1}},"6":{"start":{"line":17,"column":43},"end":{"line":19,"column":3}},"7":{"start":{"line":20,"column":49},"end":{"line":23,"column":3}},"8":{"start":{"line":21,"column":25},"end":{"line":21,"column":34}},"9":{"start":{"line":22,"column":24},"end":{"line":22,"column":33}},"10":{"start":{"line":24,"column":48},"end":{"line":24,"column":74}},"11":{"start":{"line":27,"column":18},"end":{"line":43,"column":1}},"12":{"start":{"line":28,"column":33},"end":{"line":38,"column":3}},"13":{"start":{"line":29,"column":47},"end":{"line":31,"column":5}},"14":{"start":{"line":30,"column":30},"end":{"line":30,"column":116}},"15":{"start":{"line":32,"column":35},"end":{"line":34,"column":5}},"16":{"start":{"line":35,"column":35},"end":{"line":37,"column":5}},"17":{"start":{"line":36,"column":25},"end":{"line":36,"column":34}},"18":{"start":{"line":39,"column":33},"end":{"line":42,"column":3}},"19":{"start":{"line":40,"column":23},"end":{"line":40,"column":32}},"20":{"start":{"line":41,"column":26},"end":{"line":41,"column":35}},"21":{"start":{"line":45,"column":0},"end":{"line":45,"column":37}},"22":{"start":{"line":46,"column":0},"end":{"line":46,"column":37}},"23":{"start":{"line":47,"column":0},"end":{"line":47,"column":63}},"24":{"start":{"line":48,"column":0},"end":{"line":48,"column":37}},"25":{"start":{"line":49,"column":0},"end":{"line":49,"column":27}}},"fnMap":{"0":{"name":"(anonymous_0)","decl":{"start":{"line":4,"column":16},"end":{"line":4,"column":17}},"loc":{"start":{"line":4,"column":22},"end":{"line":6,"column":3}},"line":4},"1":{"name":"(anonymous_1)","decl":{"start":{"line":10,"column":16},"end":{"line":10,"column":17}},"loc":{"start":{"line":10,"column":22},"end":{"line":12,"column":3}},"line":10},"2":{"name":"(anonymous_2)","decl":{"start":{"line":17,"column":25},"end":{"line":17,"column":26}},"loc":{"start":{"line":17,"column":43},"end":{"line":19,"column":3}},"line":17},"3":{"name":"(anonymous_3)","decl":{"start":{"line":20,"column":31},"end":{"line":20,"column":32}},"loc":{"start":{"line":20,"column":49},"end":{"line":23,"column":3}},"line":20},"4":{"name":"(anonymous_4)","decl":{"start":{"line":21,"column":19},"end":{"line":21,"column":20}},"loc":{"start":{"line":21,"column":25},"end":{"line":21,"column":34}},"line":21},"5":{"name":"(anonymous_5)","decl":{"start":{"line":22,"column":18},"end":{"line":22,"column":19}},"loc":{"start":{"line":22,"column":24},"end":{"line":22,"column":33}},"line":22},"6":{"name":"(anonymous_6)","decl":{"start":{"line":24,"column":31},"end":{"line":24,"column":32}},"loc":{"start":{"line":24,"column":48},"end":{"line":24,"column":74}},"line":24},"7":{"name":"(anonymous_7)","decl":{"start":{"line":28,"column":22},"end":{"line":28,"column":23}},"loc":{"start":{"line":28,"column":33},"end":{"line":38,"column":3}},"line":28},"8":{"name":"(anonymous_8)","decl":{"start":{"line":29,"column":19},"end":{"line":29,"column":20}},"loc":{"start":{"line":29,"column":47},"end":{"line":31,"column":5}},"line":29},"9":{"name":"(anonymous_9)","decl":{"start":{"line":30,"column":19},"end":{"line":30,"column":20}},"loc":{"start":{"line":30,"column":30},"end":{"line":30,"column":116}},"line":30},"10":{"name":"(anonymous_10)","decl":{"start":{"line":32,"column":17},"end":{"line":32,"column":18}},"loc":{"start":{"line":32,"column":35},"end":{"line":34,"column":5}},"line":32},"11":{"name":"(anonymous_11)","decl":{"start":{"line":35,"column":17},"end":{"line":35,"column":18}},"loc":{"start":{"line":35,"column":35},"end":{"line":37,"column":5}},"line":35},"12":{"name":"(anonymous_12)","decl":{"start":{"line":36,"column":19},"end":{"line":36,"column":20}},"loc":{"start":{"line":36,"column":25},"end":{"line":36,"column":34}},"line":36},"13":{"name":"(anonymous_13)","decl":{"start":{"line":39,"column":15},"end":{"line":39,"column":16}},"loc":{"start":{"line":39,"column":33},"end":{"line":42,"column":3}},"line":39},"14":{"name":"(anonymous_14)","decl":{"start":{"line":40,"column":17},"end":{"line":40,"column":18}},"loc":{"start":{"line":40,"column":23},"end":{"line":40,"column":32}},"line":40},"15":{"name":"(anonymous_15)","decl":{"start":{"line":41,"column":20},"end":{"line":41,"column":21}},"loc":{"start":{"line":41,"column":26},"end":{"line":41,"column":35}},"line":41}},"branchMap":{"0":{"loc":{"start":{"line":30,"column":30},"end":{"line":30,"column":116}},"type":"cond-expr","locations":[{"start":{"line":30,"column":89},"end":{"line":30,"column":98}},{"start":{"line":30,"column":101},"end":{"line":30,"column":116}}],"line":30},"1":{"loc":{"start":{"line":30,"column":30},"end":{"line":30,"column":86}},"type":"binary-expr","locations":[{"start":{"line":30,"column":30},"end":{"line":30,"column":58}},{"start":{"line":30,"column":62},"end":{"line":30,"column":86}}],"line":30}},"s":{"0":2,"1":4,"2":2,"3":1,"4":2,"5":2,"6":2,"7":2,"8":2,"9":0,"10":2,"11":2,"12":7,"13":5,"14":5,"15":1,"16":1,"17":1,"18":4,"19":3,"20":1,"21":2,"22":2,"23":2,"24":2,"25":2},"f":{"0":4,"1":1,"2":2,"3":2,"4":2,"5":0,"6":2,"7":7,"8":5,"9":5,"10":1,"11":1,"12":1,"13":4,"14":3,"15":1},"b":{"0":[2,3],"1":[5,4]},"_coverageSchema":"1a1c01bbd47fc00a2c39e90264f33305004495a9","hash":"7057ad77e9abae100665d69b1ceaa284b81a8e09"}
}
