TN:
SF:src/auth/index.js
FN:7,decodeBearer
FN:11,validateToken
FN:15,getContext
FN:28,(anonymous_3)
FN:39,(anonymous_4)
FN:69,setUserCookie
FN:77,verifyCookie
FN:81,(anonymous_7)
FN:88,clearCookie
FNF:9
FNH:7
FNDA:3,decodeBearer
FNDA:2,validateToken
FNDA:3,getContext
FNDA:2,(anonymous_3)
FNDA:0,(anonymous_4)
FNDA:2,setUserCookie
FNDA:2,verifyCookie
FNDA:0,(anonymous_7)
FNDA:1,clearCookie
DA:1,2
DA:2,2
DA:3,2
DA:8,3
DA:12,2
DA:16,3
DA:17,3
DA:19,3
DA:20,3
DA:21,3
DA:22,1
DA:23,2
DA:24,2
DA:26,2
DA:30,2
DA:31,2
DA:32,2
DA:34,0
DA:36,2
DA:37,2
DA:40,0
DA:62,0
DA:66,3
DA:70,2
DA:71,2
DA:78,2
DA:83,0
DA:84,0
DA:89,1
DA:90,1
DA:92,0
DA:94,1
DA:98,2
DA:100,2
DA:102,2
DA:104,2
LF:36
LH:30
BRDA:8,0,0,3
BRDA:8,0,1,0
BRDA:17,1,0,3
BRDA:17,1,1,2
BRDA:21,2,0,1
BRDA:21,2,1,2
BRDA:23,3,0,2
BRDA:23,3,1,0
BRDA:32,4,0,0
BRDA:32,4,1,2
BRF:10
BRH:7
end_of_record
TN:
SF:src/users/mutations.js
FN:8,(anonymous_0)
FN:47,(anonymous_1)
FN:57,(anonymous_2)
FNF:3
FNH:3
FNDA:6,(anonymous_0)
FNDA:1,(anonymous_1)
FNDA:1,(anonymous_2)
DA:1,1
DA:2,1
DA:3,1
DA:4,1
DA:5,1
DA:6,1
DA:8,1
DA:9,6
DA:10,6
DA:11,6
DA:12,6
DA:13,3
DA:16,3
DA:18,3
DA:19,3
DA:20,1
DA:23,2
DA:24,2
DA:25,1
DA:28,1
DA:29,1
DA:39,1
DA:40,1
DA:41,1
DA:43,2
DA:47,1
DA:48,1
DA:49,1
DA:50,1
DA:51,1
DA:53,0
DA:57,1
DA:58,1
DA:61,1
DA:62,1
DA:63,1
LF:36
LH:35
BRDA:12,0,0,3
BRDA:12,0,1,3
BRDA:12,1,0,6
BRDA:12,1,1,5
BRDA:12,1,2,4
BRDA:19,2,0,1
BRDA:19,2,1,2
BRDA:24,3,0,1
BRDA:24,3,1,1
BRDA:41,4,0,1
BRDA:41,4,1,0
BRDA:51,5,0,1
BRDA:51,5,1,0
BRF:13
BRH:11
end_of_record
TN:
SF:src/users/queries.js
FN:6,(anonymous_0)
FN:8,(anonymous_1)
FN:14,(anonymous_2)
FN:25,(anonymous_3)
FNF:4
FNH:4
FNDA:1,(anonymous_0)
FNDA:2,(anonymous_1)
FNDA:1,(anonymous_2)
FNDA:1,(anonymous_3)
DA:1,1
DA:2,1
DA:3,1
DA:4,1
DA:6,1
DA:7,1
DA:8,1
DA:9,2
DA:11,1
DA:14,1
DA:15,1
DA:16,1
DA:17,1
DA:18,1
DA:20,0
DA:21,0
DA:25,1
DA:26,1
DA:27,1
DA:29,1
DA:30,1
DA:31,1
DA:33,0
DA:34,0
DA:38,1
DA:39,1
DA:40,1
LF:27
LH:23
BRDA:18,0,0,1
BRDA:18,0,1,0
BRDA:31,1,0,1
BRDA:31,1,1,0
BRF:4
BRH:2
end_of_record
TN:
SF:src/utils/validations.js
FN:1,(anonymous_0)
FN:6,(anonymous_1)
FN:10,(anonymous_2)
FNF:3
FNH:3
FNDA:6,(anonymous_0)
FNDA:5,(anonymous_1)
FNDA:4,(anonymous_2)
DA:1,1
DA:2,6
DA:3,6
DA:6,1
DA:7,5
DA:10,1
DA:11,4
DA:12,4
DA:15,1
DA:16,1
DA:17,1
LF:11
LH:11
BRDA:7,0,0,5
BRDA:7,0,1,4
BRF:2
BRH:2
end_of_record
TN:
SF:tests-setup/firebase-mocks.js
FN:4,(anonymous_0)
FN:10,(anonymous_1)
FN:17,(anonymous_2)
FN:20,(anonymous_3)
FN:21,(anonymous_4)
FN:22,(anonymous_5)
FN:24,(anonymous_6)
FN:28,(anonymous_7)
FN:29,(anonymous_8)
FN:30,(anonymous_9)
FN:32,(anonymous_10)
FN:35,(anonymous_11)
FN:36,(anonymous_12)
FN:39,(anonymous_13)
FN:40,(anonymous_14)
FN:41,(anonymous_15)
FNF:16
FNH:15
FNDA:4,(anonymous_0)
FNDA:1,(anonymous_1)
FNDA:2,(anonymous_2)
FNDA:2,(anonymous_3)
FNDA:2,(anonymous_4)
FNDA:0,(anonymous_5)
FNDA:2,(anonymous_6)
FNDA:7,(anonymous_7)
FNDA:5,(anonymous_8)
FNDA:5,(anonymous_9)
FNDA:1,(anonymous_10)
FNDA:1,(anonymous_11)
FNDA:1,(anonymous_12)
FNDA:4,(anonymous_13)
FNDA:3,(anonymous_14)
FNDA:1,(anonymous_15)
DA:2,2
DA:5,4
DA:8,2
DA:11,1
DA:14,2
DA:16,2
DA:17,2
DA:20,2
DA:21,2
DA:22,0
DA:24,2
DA:27,2
DA:28,7
DA:29,5
DA:30,5
DA:32,1
DA:35,1
DA:36,1
DA:39,4
DA:40,3
DA:41,1
DA:45,2
DA:46,2
DA:47,2
DA:48,2
DA:49,2
LF:26
LH:25
BRDA:30,0,0,2
BRDA:30,0,1,3
BRDA:30,1,0,5
BRDA:30,1,1,4
BRF:4
BRH:4
end_of_record
